02-Mar-2018 11:02:28 CET  Initiating request to open file file:step2.root
02-Mar-2018 11:02:29 CET  Successfully opened file file:step2.root
got the paramterrs
Enterin DQMFSQ::beginJob: 


A fatal system signal has occurred: segmentation violation
The following is the call stack containing the origin of the signal.

Thread 2 (Thread 0x7fbe0e83f700 (LWP 24525)):
#0  0x00007fbe2c0a337d in waitpid () from /lib64/libpthread.so.0
#1  0x00007fbe1baf66e7 in edm::service::cmssw_stacktrace_fork() () from /cvmfs/cms.cern.ch/slc6_amd64_gcc630/cms/cmssw/CMSSW_10_0_2/lib/slc6_amd64_gcc630/pluginFWCoreServicesPlugins.so
#2  0x00007fbe1baf6c25 in edm::service::InitRootHandlers::stacktraceHelperThread() () from /cvmfs/cms.cern.ch/slc6_amd64_gcc630/cms/cmssw/CMSSW_10_0_2/lib/slc6_amd64_gcc630/pluginFWCoreServicesPlugins.so
#3  0x00007fbe2c607ecf in std::execute_native_thread_routine (__p=0x7fbe0e97dd60) at ../../../../../libstdc++-v3/src/c++11/thread.cc:83
#4  0x00007fbe2c09baa1 in start_thread () from /lib64/libpthread.so.0
#5  0x00007fbe2bde8bcd in clone () from /lib64/libc.so.6
Thread 1 (Thread 0x7fbe2a4ddc00 (LWP 20514)):
#0  0x00007fbe2bddf383 in poll () from /lib64/libc.so.6
#1  0x00007fbe1baf6a24 in full_read.constprop () from /cvmfs/cms.cern.ch/slc6_amd64_gcc630/cms/cmssw/CMSSW_10_0_2/lib/slc6_amd64_gcc630/pluginFWCoreServicesPlugins.so
#2  0x00007fbe1baf727a in edm::service::InitRootHandlers::stacktraceFromThread() () from /cvmfs/cms.cern.ch/slc6_amd64_gcc630/cms/cmssw/CMSSW_10_0_2/lib/slc6_amd64_gcc630/pluginFWCoreServicesPlugins.so
#3  0x00007fbe1baf8365 in sig_dostack_then_abort () from /cvmfs/cms.cern.ch/slc6_amd64_gcc630/cms/cmssw/CMSSW_10_0_2/lib/slc6_amd64_gcc630/pluginFWCoreServicesPlugins.so
#4  <signal handler called>
#5  0x00007fbe28f17cb2 in std::_Rb_tree<std::string, std::string, std::_Identity<std::string>, std::less<std::string>, std::allocator<std::string> >::find(std::string const&) const () from /cvmfs/cms.cern.ch/slc6_amd64_gcc630/cms/cmssw/CMSSW_10_0_2/lib/slc6_amd64_gcc630/libFWCoreMessageService.so
#6  0x00007fbe20403ba7 in DQMStore::makeDirectory(std::string const&) () from /cvmfs/cms.cern.ch/slc6_amd64_gcc630/cms/cmssw/CMSSW_10_0_2/lib/slc6_amd64_gcc630/libDQMServicesCore.so
#7  0x00007fbe20404001 in DQMStore::setCurrentFolder(std::string const&) () from /cvmfs/cms.cern.ch/slc6_amd64_gcc630/cms/cmssw/CMSSW_10_0_2/lib/slc6_amd64_gcc630/libDQMServicesCore.so
#8  0x00007fbde6d7b185 in DQMFSQ::beginJob() () from /afs/cern.ch/user/a/anmehta/TryingDQM_v3/CMSSW_10_0_2/lib/slc6_amd64_gcc630/pluginDQMPhysics.so
#9  0x00007fbe2e751b5b in edm::EDAnalyzer::doBeginJob() () from /cvmfs/cms.cern.ch/slc6_amd64_gcc630/cms/cmssw/CMSSW_10_0_2/lib/slc6_amd64_gcc630/libFWCoreFramework.so
#10 0x00007fbe2e82d065 in edm::Worker::beginJob() () from /cvmfs/cms.cern.ch/slc6_amd64_gcc630/cms/cmssw/CMSSW_10_0_2/lib/slc6_amd64_gcc630/libFWCoreFramework.so
#11 0x00007fbe2e7c0c00 in edm::WorkerManager::beginJob(edm::ProductRegistry const&) () from /cvmfs/cms.cern.ch/slc6_amd64_gcc630/cms/cmssw/CMSSW_10_0_2/lib/slc6_amd64_gcc630/libFWCoreFramework.so
#12 0x00007fbe2e7d6881 in edm::EventProcessor::beginJob() () from /cvmfs/cms.cern.ch/slc6_amd64_gcc630/cms/cmssw/CMSSW_10_0_2/lib/slc6_amd64_gcc630/libFWCoreFramework.so
#13 0x000000000040da2d in main::{lambda()#1}::operator()() const ()
#14 0x000000000040c392 in main ()

Current Modules:

Module: none (crashed)

A fatal system signal has occurred: segmentation violation
