
!!!!! WARNING: The BMTF Packer returns the entire detector information in one fed (# 1376), instead of the real BMTF which owns 2 feds (1376, 1377)  !!!!!

02-Mar-2018 10:59:10 CET  Initiating request to open file file:step1.root
02-Mar-2018 10:59:11 CET  Successfully opened file file:step1.root
Begin processing the 1st record. Run 1, Event 3, LumiSection 1 at 02-Mar-2018 10:59:27.163 CET
Begin processing the 2nd record. Run 1, Event 6, LumiSection 1 at 02-Mar-2018 10:59:41.790 CET
Begin processing the 3rd record. Run 1, Event 8, LumiSection 1 at 02-Mar-2018 10:59:43.997 CET
Begin processing the 4th record. Run 1, Event 9, LumiSection 1 at 02-Mar-2018 10:59:45.818 CET
Begin processing the 5th record. Run 1, Event 10, LumiSection 1 at 02-Mar-2018 10:59:48.130 CET
02-Mar-2018 10:59:50 CET  Closed file file:step1.root

=============================================

MessageLogger Summary

 type     category        sev    module        subroutine        count    total
 ---- -------------------- -- ---------------- ----------------  -----    -----
    1 fileAction           -s file_close                             1        1
    2 fileAction           -s file_open                              2        2

 type    category    Examples: run/evt        run/evt          run/evt
 ---- -------------------- ---------------- ---------------- ----------------
    1 fileAction           PostGlobalEndRun                  
    2 fileAction           pre-events       pre-events       

Severity    # Occurrences   Total Occurrences
--------    -------------   -----------------
System                  3                   3

dropped waiting message count 0
